  191001_실습20.cpp
c:\users\hw\desktop\4-2\멀티코어프로그래밍\multicoreprogramming\multicore\multicore\191001_실습20.cpp(192): warning C4244: '초기화 중': '_Rep'에서 'int'(으)로 변환하면서 데이터가 손실될 수 있습니다.
          with
          [
              _Rep=__int64
          ]
  191002_실습21.cpp
c:\users\hw\desktop\4-2\멀티코어프로그래밍\multicoreprogramming\multicore\multicore\191002_실습21.cpp(208): warning C4244: '초기화 중': '_Rep'에서 'int'(으)로 변환하면서 데이터가 손실될 수 있습니다.
          with
          [
              _Rep=__int64
          ]
  191002_실습21_2.cpp
c:\users\hw\desktop\4-2\멀티코어프로그래밍\multicoreprogramming\multicore\multicore\191002_실습21_2.cpp(264): warning C4244: '초기화 중': '_Rep'에서 'int'(으)로 변환하면서 데이터가 손실될 수 있습니다.
          with
          [
              _Rep=__int64
          ]
  191002_실습22.cpp
c:\users\hw\desktop\4-2\멀티코어프로그래밍\multicoreprogramming\multicore\multicore\191002_실습22.cpp(152): warning C4101: 'pred' :참조되지 않은 지역 변수입니다.
c:\users\hw\desktop\4-2\멀티코어프로그래밍\multicoreprogramming\multicore\multicore\191002_실습22.cpp(218): warning C4244: '초기화 중': '_Rep'에서 'int'(으)로 변환하면서 데이터가 손실될 수 있습니다.
          with
          [
              _Rep=__int64
          ]
  코드를 생성하고 있습니다...
c:\users\hw\desktop\4-2\멀티코어프로그래밍\multicoreprogramming\multicore\multicore\191002_실습22.cpp(149): warning C4715: 'CLIST::Remove': 모든 제어 경로에서 값을 반환하지는 않습니다.
c:\users\hw\desktop\4-2\멀티코어프로그래밍\multicoreprogramming\multicore\multicore\191002_실습22.cpp(116): warning C4715: 'CLIST::Add': 모든 제어 경로에서 값을 반환하지는 않습니다.
c:\users\hw\desktop\4-2\멀티코어프로그래밍\multicoreprogramming\multicore\multicore\191002_실습21_2.cpp(165): warning C4715: 'CLIST::Remove': 모든 제어 경로에서 값을 반환하지는 않습니다.
c:\users\hw\desktop\4-2\멀티코어프로그래밍\multicoreprogramming\multicore\multicore\191002_실습21_2.cpp(184): warning C4715: 'CLIST::Contains': 모든 제어 경로에서 값을 반환하지는 않습니다.
c:\users\hw\desktop\4-2\멀티코어프로그래밍\multicoreprogramming\multicore\multicore\191002_실습21_2.cpp(127): warning C4715: 'CLIST::Add': 모든 제어 경로에서 값을 반환하지는 않습니다.
c:\users\hw\desktop\4-2\멀티코어프로그래밍\multicoreprogramming\multicore\multicore\191002_실습21.cpp(124): warning C4715: 'CLIST::Remove': 모든 제어 경로에서 값을 반환하지는 않습니다.
c:\users\hw\desktop\4-2\멀티코어프로그래밍\multicoreprogramming\multicore\multicore\191002_실습21.cpp(91): warning C4715: 'CLIST::Add': 모든 제어 경로에서 값을 반환하지는 않습니다.
c:\users\hw\desktop\4-2\멀티코어프로그래밍\multicoreprogramming\multicore\multicore\191002_실습21.cpp(143): warning C4715: 'CLIST::Contains': 모든 제어 경로에서 값을 반환하지는 않습니다.
191002_실습21.obj : error LNK2005: "void __cdecl ThreadFunc(int)" (?ThreadFunc@@YAXH@Z)이(가) 191001_실습20.obj에 이미 정의되어 있습니다.
191002_실습21.obj : error LNK2005: _main이(가) 191001_실습20.obj에 이미 정의되어 있습니다.
191002_실습21.obj : error LNK2005: "class CLIST clist" (?clist@@3VCLIST@@A)이(가) 191001_실습20.obj에 이미 정의되어 있습니다.
191002_실습21_2.obj : error LNK2005: "void __cdecl ThreadFunc(int)" (?ThreadFunc@@YAXH@Z)이(가) 191001_실습20.obj에 이미 정의되어 있습니다.
191002_실습21_2.obj : error LNK2005: _main이(가) 191001_실습20.obj에 이미 정의되어 있습니다.
191002_실습21_2.obj : error LNK2005: "class CLIST clist" (?clist@@3VCLIST@@A)이(가) 191001_실습20.obj에 이미 정의되어 있습니다.
191002_실습22.obj : error LNK2005: "void __cdecl ThreadFunc(int)" (?ThreadFunc@@YAXH@Z)이(가) 191001_실습20.obj에 이미 정의되어 있습니다.
191002_실습22.obj : error LNK2005: _main이(가) 191001_실습20.obj에 이미 정의되어 있습니다.
191002_실습22.obj : error LNK2005: "class CLIST clist" (?clist@@3VCLIST@@A)이(가) 191001_실습20.obj에 이미 정의되어 있습니다.
C:\Users\hw\Desktop\4-2\멀티코어프로그래밍\MultiCoreProgramming\MultiCore\Debug\MultiCore.exe : fatal error LNK1169: 여러 번 정의된 기호가 있습니다.
